2021-09-20 17:06:19,295 INFO:input - otsu_binary IOU = 0.1118825936538087
2021-09-20 17:08:04,211 INFO: input - median - otsu_binary IOU = 0.7156347837198901
2021-09-20 17:09:26,636 INFO: input - bilateral - otsu_binary IOU = 0.5576799059216266
2021-09-20 17:10:31,685 INFO: input - bilateral - median - otsu_binary IOU = 0.7395236225624918
2021-09-20 17:10:56,529 INFO: input - bilateral - median - gauss - otsu_binary IOU = 0.7395404192987275
2021-09-20 17:12:11,984 INFO: input - bilateral - median - gauss - otsu_binary - morph - IOU = 0.7397697540554683
2021-09-20 17:15:55,399 INFO: input - nn_denoise - bilateral - median - gauss - otsu_binary - morph - IOU = 0.740075989202881
2021-09-20 17:18:32,960 INFO: input - nn_denoise - bilateral - median - gauss - otsu_binary - morph - IOU = 0.740075989202881
2021-09-20 17:23:27,590 INFO: input - filters - nn_denoise - bilateral - median - gauss - otsu_binary - morph - IOU = 0.712932520136402
2021-09-22 08:06:14,865 INFO: input - filters - nn_denoise - morph - IOU = 0.7301878090650542
2021-09-22 08:08:17,151 INFO: input - filters - nn_denoise - morph - IOU = 0.7342807380669915
2021-09-22 08:21:53,049 INFO: input - filters - nn_denoise - morph - IOU = 0.7342807380669915
2021-09-22 08:22:44,813 INFO: input - filters - nn_denoise - morph - IOU = 0.7342807380669915
2021-09-22 08:25:02,827 INFO: input - filters - nn_denoise - morph - IOU = 0.7355224973201914
2021-09-22 08:26:36,224 INFO: input - filters - nn_denoise - morph - IOU = 0.7322149376526546
2021-09-22 08:33:59,805 INFO: input - filters - nn_denoise - morph - IOU = 0.7354146545198257
2021-09-22 12:54:06,547 INFO: input - filters - nn_denoise - morph - IOU = 0.7290278160286422
2021-09-22 13:08:25,759 INFO: input - filters - nn_denoise - morph - IOU = 0.7394785520435305
2021-09-22 13:29:00,424 INFO: input - filters - nn_denoise - morph - IOU = 0.2235365253157224
2021-09-22 13:29:39,122 INFO: input - filters - nn_denoise - morph - IOU = 0.22891588246240746
2021-09-22 13:33:07,250 INFO: input - filters - nn_denoise - morph - IOU = 0.5500136816976627
2021-09-22 13:37:55,029 INFO: input - filters - nn_denoise - morph - IOU = 0.10945041321471465
2021-09-22 13:43:42,443 INFO: input - filters - nn_denoise - morph - IOU = 0.14128456504054115
2021-09-22 13:43:58,842 INFO: input - filters - nn_denoise - morph - IOU = 0.14904001400107966
2021-09-22 13:44:09,403 INFO: input - filters - nn_denoise - morph - IOU = 0.5614229075767537
2021-09-22 13:46:02,353 INFO: input - filters - nn_denoise - morph - IOU = 0.7107406023067065
2021-09-22 13:46:35,272 INFO: input - filters - nn_denoise - morph - IOU = 0.7322010869565218
2021-09-22 13:47:56,326 INFO: input - filters - nn_denoise - morph - IOU = 0.7323076504886038
2021-09-22 13:48:16,321 INFO: input - filters - nn_denoise - morph - IOU = 0.7323076504886038
2021-09-22 13:50:30,934 INFO: input - filters - nn_denoise - morph - IOU = 0.732564301145396
2021-09-22 13:52:02,217 INFO: input - filters - nn_denoise - morph - IOU = 0.11854862021019139
2021-09-22 13:53:17,466 INFO: input - filters - nn_denoise - morph - IOU = 0.732564301145396
2021-09-22 13:55:01,990 INFO: input - filters - nn_denoise - morph - IOU = 0.732564301145396
2021-09-22 13:55:43,692 INFO: input - filters - nn_denoise - morph - IOU = 0.10945085956759601
2021-09-22 13:56:16,061 INFO: input - filters - nn_denoise - morph - IOU = 0.10945085956759601
2021-09-22 13:57:25,785 INFO: input - filters - nn_denoise - morph - IOU = 0.27450998058392384
2021-09-22 13:58:16,660 INFO: input - filters - nn_denoise - morph - IOU = 0.15105363752933493
2021-09-22 13:59:43,106 INFO: input - filters - nn_denoise - morph - IOU = 0.7384720988451909
2021-09-22 14:01:54,177 INFO: input - filters - nn_denoise - morph - IOU = 0.7395793861311103
2021-09-22 14:02:39,580 INFO: input - filters - nn_denoise - morph - IOU = 0.740873231773667
2021-09-22 14:04:56,151 INFO: input - filters - nn_denoise - morph - IOU = 0.7432029921795308
2021-09-22 14:05:41,882 INFO: input - filters - nn_denoise - morph - IOU = 0.7431322417450906
2021-09-22 14:06:37,708 INFO: input - filters - nn_denoise - morph - IOU = 0.7350053317453503
2021-09-22 14:07:12,640 INFO: input - filters - nn_denoise - morph - IOU = 0.6979584983278996
2021-09-22 14:07:58,874 INFO: input - filters - nn_denoise - morph - IOU = 0.68990970971738
2021-09-22 14:08:27,132 INFO: input - filters - nn_denoise - morph - IOU = 0.7350053317453503
2021-09-22 14:08:57,795 INFO: input - filters - nn_denoise - morph - IOU = 0.7402997824375008
2021-09-22 14:23:48,105 INFO: input - filters - nn_denoise - morph - IOU = 0.5042933627882762
2021-09-22 14:24:49,282 INFO: input - filters - nn_denoise - morph - IOU = 0.5042933627882762
2021-09-22 14:25:28,209 INFO: input - filters - nn_denoise - morph - IOU = 0.5579255000775887
2021-09-22 14:26:00,722 INFO: input - filters - nn_denoise - morph - IOU = 0.88792199382959
2021-09-22 14:26:29,434 INFO: input - filters - nn_denoise - morph - IOU = 0.8697544373320985
2021-09-22 14:27:10,541 INFO: input - filters - nn_denoise - morph - IOU = 0.8931846762567862
2021-09-22 14:27:43,403 INFO: input - filters - nn_denoise - morph - IOU = 0.8697544373320985
2021-09-22 14:28:13,350 INFO: input - filters - nn_denoise - morph - IOU = 0.5579255000775887
2021-09-22 14:28:43,813 INFO: input - filters - nn_denoise - morph - IOU = 0.88792199382959
2021-09-22 14:29:00,756 INFO: input - filters - nn_denoise - morph - IOU = 0.8931846762567862
2021-09-22 14:29:27,138 INFO: input - filters - nn_denoise - morph - IOU = 0.8933662553964834
2021-09-22 14:29:56,657 INFO: input - filters - nn_denoise - morph - IOU = 0.8934426019984305
2021-09-22 14:30:56,709 INFO: input - filters - nn_denoise - morph - IOU = 0.8919455068142013
2021-09-22 14:31:27,468 INFO: input - filters - nn_denoise - morph - IOU = 0.8919455068142013
2021-09-22 14:32:03,486 INFO: input - filters - nn_denoise - morph - IOU = 0.8917055162095782
2021-09-22 14:32:28,547 INFO: input - filters - nn_denoise - morph - IOU = 0.7871039378017157
2021-09-22 14:33:47,201 INFO: input - filters - nn_denoise - morph - IOU = 0.15105363752933493
2021-09-22 14:35:51,818 INFO: input - filters - nn_denoise - morph - IOU = 0.8564873202817284
2021-09-22 14:37:13,693 INFO: input - filters - nn_denoise - morph - IOU = 0.8915540480137314
2021-09-22 14:40:55,873 INFO: input - filters - nn_denoise - morph - IOU = 0.31151262594850104
2021-09-22 17:58:49,449 INFO: input - filters - nn_denoise - morph - IOU = 0.31151262594850104
2021-09-22 18:08:11,002 INFO: input - filters - nn_denoise - morph - IOU = 0.3180879038317055
2021-09-22 18:09:53,283 INFO: input - filters - nn_denoise - morph - IOU = 0.3180879038317055
2021-09-22 18:11:45,430 INFO: input - filters - nn_denoise - morph - IOU = 0.10924047430571991
2021-09-22 18:12:31,656 INFO: input - filters - nn_denoise - morph - IOU = 0.1523387028350484
2021-09-22 18:14:20,763 INFO: input - filters - nn_denoise - morph - IOU = 0.15272485126569973
2021-09-22 18:14:59,859 INFO: input - filters - nn_denoise - morph - IOU = 0.10947342595148281
2021-09-22 18:15:52,658 INFO: input - filters - nn_denoise - morph - IOU = 0.5757249832579093
2021-09-22 18:16:41,212 INFO: input - filters - nn_denoise - morph - IOU = 0.11866644660835121
2021-09-22 18:17:23,313 INFO: input - filters - nn_denoise - morph - IOU = 0.141932072229029
2021-09-22 18:17:50,991 INFO: input - filters - nn_denoise - morph - IOU = 0.24737660788548954
2021-09-22 18:18:33,489 INFO: input - filters - nn_denoise - morph - IOU = 0.7297710548949474
2021-09-22 18:19:31,239 INFO: input - filters - nn_denoise - morph - IOU = 0.7560292580982236
2021-09-22 18:20:09,065 INFO: input - filters - nn_denoise - morph - IOU = 0.7560972210608468
2021-09-22 18:20:45,693 INFO: input - filters - nn_denoise - morph - IOU = 0.7570105210210839
2021-09-22 18:21:28,809 INFO: input - filters - nn_denoise - morph - IOU = 0.7289727655431141
2021-09-22 18:22:56,891 INFO: input - filters - nn_denoise - morph - IOU = 0.7560693480502829
2021-09-22 18:23:28,217 INFO: input - filters - nn_denoise - morph - IOU = 0.7569825767419766
2021-09-22 18:24:09,309 INFO: input - filters - nn_denoise - morph - IOU = 0.7570105210210839
2021-09-22 18:24:50,714 INFO: input - filters - nn_denoise - morph - IOU = 0.7573628031742483
2021-09-22 18:25:34,070 INFO: input - filters - nn_denoise - morph - IOU = 0.7553989891254403
2021-09-22 18:26:01,220 INFO: input - filters - nn_denoise - morph - IOU = 0.7570006005502716
2021-09-22 18:26:42,018 INFO: input - filters - nn_denoise - morph - IOU = 0.7726773677993191
2021-09-22 18:27:46,397 INFO: input - filters - nn_denoise - morph - IOU = 0.7725492928307671
2021-09-22 18:30:21,145 INFO: input - filters - nn_denoise - morph - IOU = 0.319828350496535
2021-09-22 18:37:07,207 INFO: input - filters - nn_denoise - morph - IOU = 0.5266809353733608
2021-09-22 18:54:02,038 INFO: input - filters - nn_denoise - morph - IOU = 0.8773717635271142
2021-09-22 18:55:05,435 INFO: input - filters - nn_denoise - morph - IOU = 0.8668200439708302
2021-09-22 18:56:11,751 INFO: input - filters - nn_denoise - morph - IOU = 0.45182220941274714
2021-09-22 18:57:10,882 INFO: input - filters - nn_denoise - morph - IOU = 0.8208148574719263
2021-09-22 18:57:54,523 INFO: input - filters - nn_denoise - morph - IOU = 0.4977437514422732
2021-09-22 18:58:51,683 INFO: input - filters - nn_denoise - morph - IOU = 0.7815397820880231
2021-09-22 18:59:48,599 INFO: input - filters - nn_denoise - morph - IOU = 0.8465974351991096
2021-09-22 19:00:22,352 INFO: input - filters - nn_denoise - morph - IOU = 0.7334583888332795
2021-09-22 19:00:46,885 INFO: input - filters - nn_denoise - morph - IOU = 0.8528179672975164
2021-09-22 19:01:25,669 INFO: input - filters - nn_denoise - morph - IOU = 0.8571787809843132
2021-09-22 19:02:36,878 INFO: input - filters - nn_denoise - morph - IOU = 0.8687536106296938
2021-09-22 19:03:24,786 INFO: input - filters - nn_denoise - morph - IOU = 0.8651893305502072
2021-09-22 19:04:25,174 INFO: input - filters - nn_denoise - morph - IOU = 0.8688822552300248
2021-09-22 19:05:08,637 INFO: input - filters - nn_denoise - morph - IOU = 0.8688475751411341
2021-09-22 19:06:12,963 INFO: input - filters - nn_denoise - morph - IOU = 0.8691260721263702
2021-09-22 19:07:07,498 INFO: input - filters - nn_denoise - morph - IOU = 0.8698617339312407
2021-09-22 19:07:44,872 INFO: input - filters - nn_denoise - morph - IOU = 0.8776312887494793
2021-09-22 19:08:34,148 INFO: input - filters - nn_denoise - morph - IOU = 0.8776469795409503
2021-09-22 19:09:32,566 INFO: input - filters - nn_denoise - morph - IOU = 0.8777686226341697
2021-09-22 19:10:16,853 INFO: input - filters - nn_denoise - morph - IOU = 0.8778202799837069
2021-09-22 19:10:53,474 INFO: input - filters - nn_denoise - morph - IOU = 0.8777570013373771
2021-09-22 19:11:25,412 INFO: input - filters - nn_denoise - morph - IOU = 0.8777645754604309
2021-09-22 19:12:35,900 INFO: input - filters - nn_denoise - morph - IOU = 0.8778202799837069
2021-09-22 19:14:19,580 INFO: input - filters - nn_denoise - morph - IOU = 0.7228324386677663
2021-09-22 19:15:12,537 INFO: input - filters - nn_denoise - morph - IOU = 0.8405225408273156
2021-09-22 19:15:45,899 INFO: input - filters - nn_denoise - morph - IOU = 0.8438276682236192
2021-09-22 19:16:48,636 INFO: input - filters - nn_denoise - morph - IOU = 0.8249135363147478
2021-09-22 19:17:40,495 INFO: input - filters - nn_denoise - morph - IOU = 0.8809892181256126
2021-09-22 23:15:45,336 INFO: input - filters - nn_denoise - morph - IOU = 0.5023243596724281
2021-09-22 23:17:19,269 INFO: input - filters - nn_denoise - morph - IOU = 0.7603560127725362
2021-09-22 23:18:11,621 INFO: input - filters - nn_denoise - morph - IOU = 0.656107143227358
2021-09-22 23:19:13,370 INFO: input - filters - nn_denoise - morph - IOU = 0.7454943677345216
2021-09-22 23:20:08,650 INFO: input - filters - nn_denoise - morph - IOU = 0.740865956220778
2021-09-22 23:20:36,324 INFO: input - filters - nn_denoise - morph - IOU = 0.7392579946343772
2021-09-22 23:21:03,330 INFO: input - filters - nn_denoise - morph - IOU = 0.740865956220778
2021-09-22 23:21:33,532 INFO: input - filters - nn_denoise - morph - IOU = 0.7564822050152732
2021-09-22 23:22:20,075 INFO: input - filters - nn_denoise - morph - IOU = 0.7497642206112114
2021-09-22 23:22:49,909 INFO: input - filters - nn_denoise - morph - IOU = 0.7564256921137216
2021-09-22 23:23:35,141 INFO: input - filters - nn_denoise - morph - IOU = 0.7549820900614055
2021-09-22 23:24:05,891 INFO: input - filters - nn_denoise - morph - IOU = 0.6126529169830899
2021-09-22 23:24:43,896 INFO: input - filters - nn_denoise - morph - IOU = 0.7714643261219872
2021-09-22 23:25:20,266 INFO: input - filters - nn_denoise - morph - IOU = 0.7710659724600946
2021-09-22 23:25:49,253 INFO: input - filters - nn_denoise - morph - IOU = 0.7684615620810006
2021-09-22 23:26:15,292 INFO: input - filters - nn_denoise - morph - IOU = 0.7692336600581476
2021-09-22 23:26:54,561 INFO: input - filters - nn_denoise - morph - IOU = 0.7748122892649011
2021-09-22 23:27:43,978 INFO: input - filters - nn_denoise - morph - IOU = 0.7531536806731246
2021-09-22 23:28:39,818 INFO: input - filters - nn_denoise - morph - IOU = 0.7357770932321686
2021-09-22 23:29:31,485 INFO: input - filters - nn_denoise - morph - IOU = 0.763971812033004
2021-09-22 23:30:28,184 INFO: input - filters - nn_denoise - morph - IOU = 0.7590101984129706
2021-09-22 23:31:16,716 INFO: input - filters - nn_denoise - morph - IOU = 0.7634531620444396
2021-09-22 23:32:28,145 INFO: input - filters - nn_denoise - morph - IOU = 0.7688526433405246
2021-09-22 23:33:09,838 INFO: input - filters - nn_denoise - morph - IOU = 0.7693780475809058
2021-09-22 23:33:39,209 INFO: input - filters - nn_denoise - morph - IOU = 0.76998019661928
2021-09-22 23:34:18,941 INFO: input - filters - nn_denoise - morph - IOU = 0.7696723305677887
2021-09-22 23:35:15,473 INFO: input - filters - nn_denoise - morph - IOU = 0.770445432880994
2021-09-22 23:36:21,126 INFO: input - filters - nn_denoise - morph - IOU = 0.7704890166900982
2021-09-22 23:36:44,200 INFO: input - filters - nn_denoise - morph - IOU = 0.7705211662967565
2021-09-22 23:37:12,279 INFO: input - filters - nn_denoise - morph - IOU = 0.7780524258450219
2021-09-22 23:38:02,082 INFO: input - filters - nn_denoise - morph - IOU = 0.7771837988600995
2021-09-23 00:11:50,857 INFO: input - filters - nn_denoise - morph - IOU = 0.7165898275938746
2021-09-23 00:12:39,980 INFO: input - filters - nn_denoise - morph - IOU = 0.34214268746535753
2021-09-23 00:13:26,099 INFO: input - filters - nn_denoise - morph - IOU = 0.5147309500126772
2021-09-23 00:14:16,022 INFO: input - filters - nn_denoise - morph - IOU = 0.7212994523178878
2021-09-23 00:15:06,116 INFO: input - filters - nn_denoise - morph - IOU = 0.36687473584967
2021-09-23 00:15:44,833 INFO: input - filters - nn_denoise - morph - IOU = 0.6764358260381819
2021-09-23 00:16:16,129 INFO: input - filters - nn_denoise - morph - IOU = 0.7831710095323221
2021-09-23 00:16:52,413 INFO: input - filters - nn_denoise - morph - IOU = 0.7849912224573838
2021-09-23 00:17:27,715 INFO: input - filters - nn_denoise - morph - IOU = 0.7851284182437568
2021-09-23 00:18:03,223 INFO: input - filters - nn_denoise - morph - IOU = 0.8003512430711816
2021-09-23 00:18:51,358 INFO: input - filters - nn_denoise - morph - IOU = 0.8093026997190162
2021-09-23 00:19:33,818 INFO: input - filters - nn_denoise - morph - IOU = 0.7670096713880258
2021-09-23 00:40:36,581 INFO: input - filters - nn_denoise - morph - IOU = 0.34407038779482574
2021-09-23 00:41:30,874 INFO: input - filters - nn_denoise - morph - IOU = 0.6320444164148254
2021-09-23 00:42:24,415 INFO: input - filters - nn_denoise - morph - IOU = 0.7171010934880101
2021-09-23 00:43:27,521 INFO: input - filters - nn_denoise - morph - IOU = 0.6541825802692905
2021-09-23 00:44:08,157 INFO: input - filters - nn_denoise - morph - IOU = 0.6905283356475765
2021-09-23 00:44:51,972 INFO: input - filters - nn_denoise - morph - IOU = 0.6734414767278598
2021-09-23 00:45:46,843 INFO: input - filters - nn_denoise - morph - IOU = 0.47191549090083
2021-09-23 00:46:41,480 INFO: input - filters - nn_denoise - morph - IOU = 0.6884712114400963
2021-09-23 00:47:22,746 INFO: input - filters - nn_denoise - morph - IOU = 0.6904176705201142
2021-09-23 00:47:52,440 INFO: input - filters - nn_denoise - morph - IOU = 0.6902612942019655
2021-09-23 00:48:19,512 INFO: input - filters - nn_denoise - morph - IOU = 0.6905603537286056
2021-09-23 00:48:48,670 INFO: input - filters - nn_denoise - morph - IOU = 0.719757764748904
2021-09-23 00:49:24,992 INFO: input - filters - nn_denoise - morph - IOU = 0.7199469581290685
2021-09-23 00:50:23,128 INFO: input - filters - nn_denoise - morph - IOU = 0.7323054611159981
2021-09-23 00:50:55,939 INFO: input - filters - nn_denoise - morph - IOU = 0.7274154008748962
2021-09-23 00:56:06,399 INFO: input - filters - nn_denoise - morph - IOU = 0.7433425105975551
2021-09-23 00:56:56,056 INFO: input - filters - nn_denoise - morph - IOU = 0.7177424859959444
2021-09-23 00:57:17,885 INFO: input - filters - nn_denoise - morph - IOU = 0.7071050085791973
2021-09-23 00:58:03,931 INFO: input - filters - nn_denoise - morph - IOU = 0.7602054212680516
2021-09-23 00:58:48,453 INFO: input - filters - nn_denoise - morph - IOU = 0.7602054212680516
2021-09-23 00:59:19,968 INFO: input - filters - nn_denoise - morph - IOU = 0.7614501090670425
2021-09-23 00:59:54,866 INFO: input - filters - nn_denoise - morph - IOU = 0.7652505820832857
2021-09-23 01:00:37,802 INFO: input - filters - nn_denoise - morph - IOU = 0.7653201365711436
2021-09-23 01:01:05,039 INFO: input - filters - nn_denoise - morph - IOU = 0.7791147764943791
2021-09-23 09:39:48,118 INFO: input - filters - nn_denoise - morph - IOU = 0.3119751715261415
2021-09-23 09:41:36,794 INFO: input - filters - nn_denoise - morph - IOU = 0.11408059799497598
2021-09-23 09:41:59,199 INFO: input - filters - nn_denoise - morph - IOU = 0.3356678761285967
2021-09-23 09:44:54,817 INFO: input - filters - nn_denoise - morph - IOU = 0.7484895186917799
2021-09-23 09:45:41,832 INFO: input - filters - nn_denoise - morph - IOU = 0.7484142898064411
2021-09-23 09:46:22,988 INFO: input - filters - nn_denoise - morph - IOU = 0.7573008558262014
2021-09-23 09:46:56,847 INFO: input - filters - nn_denoise - morph - IOU = 0.7419253722346133
2021-09-23 09:47:18,092 INFO: input - filters - nn_denoise - morph - IOU = 0.7543008715422509
2021-09-23 09:47:49,011 INFO: input - filters - nn_denoise - morph - IOU = 0.7573008558262014
2021-09-23 09:48:19,049 INFO: input - filters - nn_denoise - morph - IOU = 0.7570087269741634
2021-09-23 09:48:40,104 INFO: input - filters - nn_denoise - morph - IOU = 0.7557706140064082
2021-09-23 09:49:03,835 INFO: input - filters - nn_denoise - morph - IOU = 0.7573008558262014
2021-09-23 09:49:22,314 INFO: input - filters - nn_denoise - morph - IOU = 0.7484895186917799
2021-09-23 09:49:44,298 INFO: input - filters - nn_denoise - morph - IOU = 0.7464675457936409
2021-09-23 09:50:15,635 INFO: input - filters - nn_denoise - morph - IOU = 0.7494690410063715
2021-09-23 09:50:37,677 INFO: input - filters - nn_denoise - morph - IOU = 0.7504084744839605
2021-09-23 09:50:59,726 INFO: input - filters - nn_denoise - morph - IOU = 0.7583340992345364
2021-09-23 09:51:20,730 INFO: input - filters - nn_denoise - morph - IOU = 0.7504970720413999
2021-09-23 09:51:52,072 INFO: input - filters - nn_denoise - morph - IOU = 0.758274969449299
2021-09-23 09:52:26,991 INFO: input - filters - nn_denoise - morph - IOU = 0.7589865087199736
2021-09-23 09:52:52,070 INFO: input - filters - nn_denoise - morph - IOU = 0.7510993363013138
2021-09-23 09:53:26,950 INFO: input - filters - nn_denoise - morph - IOU = 0.7597752838623746
2021-09-23 09:53:51,356 INFO: input - filters - nn_denoise - morph - IOU = 0.7568600648035642
2021-09-23 09:54:21,270 INFO: input - filters - nn_denoise - morph - IOU = 0.7597752838623746
2021-09-23 09:54:45,223 INFO: input - filters - nn_denoise - morph - IOU = 0.7591819534614219
2021-09-23 09:55:09,728 INFO: input - filters - nn_denoise - morph - IOU = 0.7591821130065652
2021-09-23 09:55:33,586 INFO: input - filters - nn_denoise - morph - IOU = 0.7621037597365672
2021-09-23 09:56:01,778 INFO: input - filters - nn_denoise - morph - IOU = 0.7625359310124561
2021-09-23 09:56:32,500 INFO: input - filters - nn_denoise - morph - IOU = 0.7054495945348795
2021-09-23 09:56:58,225 INFO: input - filters - nn_denoise - morph - IOU = 0.7598684210526315
2021-09-23 09:57:18,856 INFO: input - filters - nn_denoise - morph - IOU = 0.7623200813312644
2021-09-23 09:57:41,121 INFO: input - filters - nn_denoise - morph - IOU = 0.7599063836655637
2021-09-23 09:58:01,345 INFO: input - filters - nn_denoise - morph - IOU = 0.7623200813312644
2021-09-23 09:58:23,241 INFO: input - filters - nn_denoise - morph - IOU = 0.7580462390100944
2021-09-23 09:58:51,340 INFO: input - filters - nn_denoise - morph - IOU = 0.7629885334296685
2021-09-23 09:59:13,862 INFO: input - filters - nn_denoise - morph - IOU = 0.763326742262217
2021-09-23 09:59:45,796 INFO: input - filters - nn_denoise - morph - IOU = 0.7630466579890233
2021-09-23 10:00:08,778 INFO: input - filters - nn_denoise - morph - IOU = 0.7634941084896798
2021-09-23 10:00:30,198 INFO: input - filters - nn_denoise - morph - IOU = 0.7636244078532416
2021-09-23 10:00:53,187 INFO: input - filters - nn_denoise - morph - IOU = 0.7636236765475504
2021-09-23 10:01:12,369 INFO: input - filters - nn_denoise - morph - IOU = 0.7643969986539256
2021-09-23 10:01:31,938 INFO: input - filters - nn_denoise - morph - IOU = 0.7627333841198561
2021-09-23 10:02:30,294 INFO: input - filters - nn_denoise - morph - IOU = 0.18186743025190574
2021-09-23 10:03:04,060 INFO: input - filters - nn_denoise - morph - IOU = 0.7286853042610443
2021-09-23 10:03:29,273 INFO: input - filters - nn_denoise - morph - IOU = 0.7597700068514314
2021-09-23 10:03:46,711 INFO: input - filters - nn_denoise - morph - IOU = 0.04962516450145672
2021-09-23 10:04:01,358 INFO: input - filters - nn_denoise - morph - IOU = 0.7645320197044335
2021-09-23 10:04:38,206 INFO: input - filters - nn_denoise - morph - IOU = 0.7248795617190579
2021-09-23 10:04:54,088 INFO: input - filters - nn_denoise - morph - IOU = 0.7329931972789115
2021-09-23 10:05:39,288 INFO: input - filters - nn_denoise - morph - IOU = 0.7393904096291982
2021-09-23 10:05:57,060 INFO: input - filters - nn_denoise - morph - IOU = 0.7393904096291982
2021-09-23 10:06:14,463 INFO: input - filters - nn_denoise - morph - IOU = 0.7536610043133287
2021-09-23 10:06:32,643 INFO: input - filters - nn_denoise - morph - IOU = 0.7593800434823204
2021-09-23 10:06:49,835 INFO: input - filters - nn_denoise - morph - IOU = 0.7645320197044335
2021-09-23 10:07:07,523 INFO: input - filters - nn_denoise - morph - IOU = 0.7619900416514035
2021-09-23 10:10:06,003 INFO: input - filters - nn_denoise - morph - IOU = 0.7645320197044335
2021-09-23 10:11:54,777 INFO: input - filters - nn_denoise - morph - IOU = 0.7773965970397012
2021-09-23 10:15:07,770 INFO: input - filters - nn_denoise - morph - IOU = 0.7451955417793312
2021-09-23 10:27:28,788 INFO: input - filters - nn_denoise - morph - IOU = 0.7773965970397012
2021-09-23 10:29:25,097 INFO: input - filters - nn_denoise - morph - IOU = 0.7773965970397012
2021-09-23 10:31:00,634 INFO: input - filters - nn_denoise - morph - IOU = 0.7773965970397012
2021-09-23 10:32:28,112 INFO: input - filters - nn_denoise - morph - IOU = 0.7565355536957971
2021-09-23 10:33:18,594 INFO: input - filters - nn_denoise - morph - IOU = 0.7565846393872775
2021-09-23 10:34:43,769 INFO: input - filters - nn_denoise - morph - IOU = 0.27256979414252913
2021-09-23 10:36:36,328 INFO: input - filters - nn_denoise - morph - IOU = 0.7565355536957971
2021-09-23 12:27:26,986 INFO: input - filters - nn_denoise - morph - IOU = 0.7773965970397012
2021-09-23 12:28:03,955 INFO: input - filters - nn_denoise - morph - IOU = 0.7451955417793312
2021-09-23 12:28:39,548 INFO: input - filters - nn_denoise - morph - IOU = 0.7752764287870058
2021-09-23 12:29:08,922 INFO: input - filters - nn_denoise - morph - IOU = 0.7449961762611745
2021-09-23 12:29:37,579 INFO: input - filters - nn_denoise - morph - IOU = 0.7458776859504133
2021-09-23 12:30:26,997 INFO: input - filters - nn_denoise - morph - IOU = 0.738077900666346
2021-09-23 12:31:18,186 INFO: input - filters - nn_denoise - morph - IOU = 0.10952543614016212
2021-09-23 12:31:56,615 INFO: input - filters - nn_denoise - morph - IOU = 0.10952543614016212
2021-09-23 12:32:06,213 INFO: input - filters - nn_denoise - morph - IOU = 0.21985073235781216
2021-09-23 12:32:57,114 INFO: input - filters - nn_denoise - morph - IOU = 0.10952543614016212
2021-09-23 12:33:30,385 INFO: input - filters - nn_denoise - morph - IOU = 0.2181436792943328
2021-09-23 12:34:12,250 INFO: input - filters - nn_denoise - morph - IOU = 0.7306469733921575
2021-09-23 12:34:49,638 INFO: input - filters - nn_denoise - morph - IOU = 0.11972887479130437
2021-09-23 12:35:33,635 INFO: input - filters - nn_denoise - morph - IOU = 0.13476372180279947
2021-09-23 12:36:12,350 INFO: input - filters - nn_denoise - morph - IOU = 0.1472939677452828
2021-09-23 12:36:34,046 INFO: input - filters - nn_denoise - morph - IOU = 0.10947342595148281
2021-09-23 12:42:25,662 INFO: input - filters - nn_denoise - morph - IOU = 0.45182220941274714
2021-09-23 12:43:44,241 INFO: input - filters - nn_denoise - morph - IOU = 0.6689359769429056
2021-09-23 12:45:29,875 INFO: input - filters - nn_denoise - morph - IOU = 0.4977437514422732
2021-09-23 12:47:00,147 INFO: input - filters - nn_denoise - morph - IOU = 0.8546203455537474
2021-09-23 12:47:18,494 INFO: input - filters - nn_denoise - morph - IOU = 0.8692230095017185
2021-09-23 12:47:42,601 INFO: input - filters - nn_denoise - morph - IOU = 0.8635918156291901
2021-09-23 12:48:03,042 INFO: input - filters - nn_denoise - morph - IOU = 0.8546622236048627
2021-09-23 12:48:40,850 INFO: input - filters - nn_denoise - morph - IOU = 0.8697024005609267
2021-09-23 12:49:02,901 INFO: input - filters - nn_denoise - morph - IOU = 0.870521551541813
2021-09-23 12:49:17,337 INFO: input - filters - nn_denoise - morph - IOU = 0.8732693839597525
2021-09-23 12:49:31,437 INFO: input - filters - nn_denoise - morph - IOU = 0.8755470177291405
2021-09-23 12:49:56,389 INFO: input - filters - nn_denoise - morph - IOU = 0.8755843462000802
2021-09-23 12:50:35,552 INFO: input - filters - nn_denoise - morph - IOU = 0.8755843462000802
2021-09-23 12:51:35,731 INFO: input - filters - nn_denoise - morph - IOU = 0.8763635590181768
2021-09-23 12:51:58,418 INFO: input - filters - nn_denoise - morph - IOU = 0.8763388746919639
2021-09-23 12:52:15,769 INFO: input - filters - nn_denoise - morph - IOU = 0.8663342961041509
2021-09-23 12:52:32,717 INFO: input - filters - nn_denoise - morph - IOU = 0.8771110137733003
2021-09-23 12:53:04,903 INFO: input - filters - nn_denoise - morph - IOU = 0.8781807265268554
2021-09-23 12:53:59,806 INFO: input - filters - nn_denoise - morph - IOU = 0.8715639192177825
2021-09-23 12:55:20,782 INFO: input - filters - nn_denoise - morph - IOU = 0.879885950167032
2021-09-23 13:21:38,803 INFO: input - filters - nn_denoise - morph - IOU = 0.8775297479266596
2021-09-23 13:24:47,512 INFO: input - filters - nn_denoise - morph - IOU = 0.8775297479266596
2021-09-23 13:26:24,542 INFO: input - filters - nn_denoise - morph - IOU = 0.8772899820951954
2021-09-23 13:28:41,040 INFO: input - filters - nn_denoise - morph - IOU = 0.8514261782610647
2021-09-23 13:29:39,396 INFO: input - filters - nn_denoise - morph - IOU = 0.7792615213770128
2021-09-23 13:33:26,891 INFO: input - filters - nn_denoise - morph - IOU = 0.8715099222421446
2021-09-23 13:34:00,559 INFO: input - filters - nn_denoise - morph - IOU = 0.8714951286686645
2021-09-23 13:34:45,074 INFO: input - filters - nn_denoise - morph - IOU = 0.7633363961764746
2021-09-23 13:35:20,003 INFO: input - filters - nn_denoise - morph - IOU = 0.8571787809843132
2021-09-23 13:36:12,144 INFO: input - filters - nn_denoise - morph - IOU = 0.12454050874871342
2021-09-23 13:37:12,638 INFO: input - filters - nn_denoise - morph - IOU = 0.7792615213770128
2021-09-23 13:37:51,789 INFO: input - filters - nn_denoise - morph - IOU = 0.4541780575472853
2021-09-23 13:38:54,216 INFO: input - filters - nn_denoise - morph - IOU = 0.8685602492573002
2021-09-23 14:08:47,939 INFO: input - filters - nn_denoise - morph - IOU = 0.5023243596724281
2021-09-23 14:09:30,257 INFO: input - filters - nn_denoise - morph - IOU = 0.7564320521875544
2021-09-23 14:09:50,299 INFO: input - filters - nn_denoise - morph - IOU = 0.7710659724600946
2021-09-23 14:10:04,978 INFO: input - filters - nn_denoise - morph - IOU = 0.7641806652723567
2021-09-23 14:10:37,354 INFO: input - filters - nn_denoise - morph - IOU = 0.7532887847531284
2021-09-23 14:10:53,706 INFO: input - filters - nn_denoise - morph - IOU = 0.7641806652723567
2021-09-23 14:11:10,027 INFO: input - filters - nn_denoise - morph - IOU = 0.7710659724600946
2021-09-23 14:12:14,809 INFO: input - filters - nn_denoise - morph - IOU = 0.7641806652723567
2021-09-23 14:12:33,128 INFO: input - filters - nn_denoise - morph - IOU = 0.7711197454797714
2021-09-23 14:12:54,303 INFO: input - filters - nn_denoise - morph - IOU = 0.7761358063764446
2021-09-23 14:13:08,870 INFO: input - filters - nn_denoise - morph - IOU = 0.7558247699888083
2021-09-23 14:13:32,124 INFO: input - filters - nn_denoise - morph - IOU = 0.7795663876855785
2021-09-23 14:13:54,742 INFO: input - filters - nn_denoise - morph - IOU = 0.7800785571254534
2021-09-23 14:14:24,961 INFO: input - filters - nn_denoise - morph - IOU = 0.7545604337389894
2021-09-23 14:14:51,145 INFO: input - filters - nn_denoise - morph - IOU = 0.7804083809684222
2021-09-23 14:15:08,727 INFO: input - filters - nn_denoise - morph - IOU = 0.7742349683404766
2021-09-23 14:15:29,577 INFO: input - filters - nn_denoise - morph - IOU = 0.7802575799546272
2021-09-23 14:15:47,913 INFO: input - filters - nn_denoise - morph - IOU = 0.767447062071665
2021-09-23 14:16:13,982 INFO: input - filters - nn_denoise - morph - IOU = 0.7677384795288879
2021-09-23 14:16:29,662 INFO: input - filters - nn_denoise - morph - IOU = 0.7672874431673231
2021-09-23 14:16:47,045 INFO: input - filters - nn_denoise - morph - IOU = 0.7668441048691234
2021-09-23 14:17:09,098 INFO: input - filters - nn_denoise - morph - IOU = 0.767447062071665
2021-09-23 14:17:50,710 INFO: input - filters - nn_denoise - morph - IOU = 0.7804083809684222
2021-09-23 14:18:45,773 INFO: input - filters - nn_denoise - morph - IOU = 0.7574234989740387
2021-09-23 14:20:26,090 INFO: input - filters - nn_denoise - morph - IOU = 0.7804083809684222
2021-09-23 14:21:01,121 INFO: input - filters - nn_denoise - morph - IOU = 0.761351705326507
2021-09-23 14:22:10,746 INFO: input - filters - nn_denoise - morph - IOU = 0.574270931475648
2021-09-23 14:22:44,190 INFO: input - filters - nn_denoise - morph - IOU = 0.7454943677345216
2021-09-23 14:23:30,100 INFO: input - filters - nn_denoise - morph - IOU = 0.604497262747939
2021-09-23 14:24:04,658 INFO: input - filters - nn_denoise - morph - IOU = 0.5491521732366759
2021-09-23 14:24:51,098 INFO: input - filters - nn_denoise - morph - IOU = 0.7409761362273654
2021-09-23 14:25:41,362 INFO: input - filters - nn_denoise - morph - IOU = 0.5023243596724281
2021-09-23 14:26:19,272 INFO: input - filters - nn_denoise - morph - IOU = 0.7059309002158487
2021-09-23 14:27:08,606 INFO: input - filters - nn_denoise - morph - IOU = 0.656107143227358
2021-09-23 14:27:57,829 INFO: input - filters - nn_denoise - morph - IOU = 0.6972985121920665
2021-09-23 14:31:19,113 INFO: input - filters - nn_denoise - morph - IOU = 0.7804083809684222
2021-09-23 14:32:15,888 INFO: input - filters - nn_denoise - morph - IOU = 0.7804083809684222
2021-09-23 14:33:36,345 INFO: input - filters - nn_denoise - morph - IOU = 0.7544623849605345
2021-09-23 14:34:11,850 INFO: input - filters - nn_denoise - morph - IOU = 0.7455125428556746
2021-09-23 14:35:23,163 INFO: input - filters - nn_denoise - morph - IOU = 0.7336208711815918
2021-09-23 14:36:50,953 INFO: input - filters - nn_denoise - morph - IOU = 0.7059309002158487
2021-09-23 14:40:35,412 INFO: input - filters - nn_denoise - morph - IOU = 0.4682376915095486
2021-09-23 14:53:18,098 INFO: input - filters - nn_denoise - morph - IOU = 0.34214268746535753
2021-09-23 14:54:26,044 INFO: input - filters - nn_denoise - morph - IOU = 0.7856782157002438
2021-09-23 14:54:48,398 INFO: input - filters - nn_denoise - morph - IOU = 0.7719755819035401
2021-09-23 14:55:17,564 INFO: input - filters - nn_denoise - morph - IOU = 0.7797896662094193
2021-09-23 14:55:39,196 INFO: input - filters - nn_denoise - morph - IOU = 0.7865368575061874
2021-09-23 14:55:57,242 INFO: input - filters - nn_denoise - morph - IOU = 0.7860508567635562
2021-09-23 14:56:20,587 INFO: input - filters - nn_denoise - morph - IOU = 0.7828061465527364
2021-09-23 14:56:34,796 INFO: input - filters - nn_denoise - morph - IOU = 0.7865368575061874
2021-09-23 14:56:50,325 INFO: input - filters - nn_denoise - morph - IOU = 0.7900230334601406
2021-09-23 14:57:10,976 INFO: input - filters - nn_denoise - morph - IOU = 0.7910097402241676
2021-09-23 14:57:26,158 INFO: input - filters - nn_denoise - morph - IOU = 0.7932972528601767
2021-09-23 14:58:24,841 INFO: input - filters - nn_denoise - morph - IOU = 0.7946097953388681
2021-09-23 15:00:16,475 INFO: input - filters - nn_denoise - morph - IOU = 0.7940224711718519
2021-09-23 15:00:37,123 INFO: input - filters - nn_denoise - morph - IOU = 0.7998127620313963
2021-09-23 15:00:52,049 INFO: input - filters - nn_denoise - morph - IOU = 0.7998149349151604
2021-09-23 15:01:07,932 INFO: input - filters - nn_denoise - morph - IOU = 0.8005651603866544
2021-09-23 15:01:24,032 INFO: input - filters - nn_denoise - morph - IOU = 0.8000792313473942
2021-09-23 15:02:11,065 INFO: input - filters - nn_denoise - morph - IOU = 0.8005216716291518
2021-09-23 15:02:39,210 INFO: input - filters - nn_denoise - morph - IOU = 0.8000086680698104
2021-09-23 15:03:09,820 INFO: input - filters - nn_denoise - morph - IOU = 0.7925543432084351
2021-09-23 15:04:13,043 INFO: input - filters - nn_denoise - morph - IOU = 0.79255935822135
2021-09-23 15:04:48,569 INFO: input - filters - nn_denoise - morph - IOU = 0.8005651603866544
2021-09-23 15:05:06,974 INFO: input - filters - nn_denoise - morph - IOU = 0.8002701764284629
2021-09-23 15:05:24,592 INFO: input - filters - nn_denoise - morph - IOU = 0.8005651603866544
2021-09-23 15:05:38,594 INFO: input - filters - nn_denoise - morph - IOU = 0.7972684216323384
2021-09-23 15:05:55,047 INFO: input - filters - nn_denoise - morph - IOU = 0.8005645883662225
2021-09-23 15:06:55,018 INFO: input - filters - nn_denoise - morph - IOU = 0.7925543432084351
2021-09-23 15:07:28,877 INFO: input - filters - nn_denoise - morph - IOU = 0.7924968956357985
2021-09-23 15:08:08,025 INFO: input - filters - nn_denoise - morph - IOU = 0.7918738818586177
2021-09-23 15:08:47,385 INFO: input - filters - nn_denoise - morph - IOU = 0.7220469955362849
2021-09-23 15:09:24,176 INFO: input - filters - nn_denoise - morph - IOU = 0.7427126439246124
2021-09-23 15:09:48,466 INFO: input - filters - nn_denoise - morph - IOU = 0.18078589071264312
2021-09-23 15:10:27,316 INFO: input - filters - nn_denoise - morph - IOU = 0.5099593069425071
2021-09-23 15:11:04,211 INFO: input - filters - nn_denoise - morph - IOU = 0.34221233906208176
2021-09-23 15:12:16,458 INFO: input - filters - nn_denoise - morph - IOU = 0.18078589071264312
2021-09-23 15:12:40,346 INFO: input - filters - nn_denoise - morph - IOU = 0.7427126439246124
2021-09-23 15:13:12,342 INFO: input - filters - nn_denoise - morph - IOU = 0.7220469955362849
2021-09-23 15:13:51,522 INFO: input - filters - nn_denoise - morph - IOU = 0.36687473584967
2021-09-23 15:14:22,756 INFO: input - filters - nn_denoise - morph - IOU = 0.4682376915095486
2021-09-23 15:15:35,766 INFO: input - filters - nn_denoise - morph - IOU = 0.8005651603866544
2021-09-23 15:17:19,928 INFO: input - filters - nn_denoise - morph - IOU = 0.7999940354187678
2021-09-23 15:19:06,598 INFO: input - filters - nn_denoise - morph - IOU = 0.7999869860859569
2021-09-23 15:20:01,038 INFO: input - filters - nn_denoise - morph - IOU = 0.7623064040636116
2021-09-23 15:20:45,054 INFO: input - filters - nn_denoise - morph - IOU = 0.5099593069425071
2021-09-23 15:21:31,132 INFO: input - filters - nn_denoise - morph - IOU = 0.4682376915095486
2021-09-23 15:27:56,132 INFO: input - filters - nn_denoise - morph - IOU = 0.7204972929617004
2021-09-23 15:28:26,782 INFO: input - filters - nn_denoise - morph - IOU = 0.7206909828898711
2021-09-23 15:28:51,924 INFO: input - filters - nn_denoise - morph - IOU = 0.646093379522091
2021-09-23 15:29:10,300 INFO: input - filters - nn_denoise - morph - IOU = 0.7201629409640005
2021-09-23 15:29:36,224 INFO: input - filters - nn_denoise - morph - IOU = 0.6398401712107792
2021-09-23 15:29:54,364 INFO: input - filters - nn_denoise - morph - IOU = 0.7201629409640005
2021-09-23 15:30:07,796 INFO: input - filters - nn_denoise - morph - IOU = 0.7206909828898711
2021-09-23 15:30:23,723 INFO: input - filters - nn_denoise - morph - IOU = 0.7205001302422506
2021-09-23 15:30:37,829 INFO: input - filters - nn_denoise - morph - IOU = 0.7204037821409619
2021-09-23 15:30:55,171 INFO: input - filters - nn_denoise - morph - IOU = 0.7200040104271105
2021-09-23 15:31:07,879 INFO: input - filters - nn_denoise - morph - IOU = 0.7206909828898711
2021-09-23 15:31:24,853 INFO: input - filters - nn_denoise - morph - IOU = 0.7204972929617004
2021-09-23 15:31:44,444 INFO: input - filters - nn_denoise - morph - IOU = 0.7202704111500493
2021-09-23 15:32:17,786 INFO: input - filters - nn_denoise - morph - IOU = 0.17601099914377924
2021-09-23 15:32:31,263 INFO: input - filters - nn_denoise - morph - IOU = 0.7101512449111806
2021-09-23 15:32:53,637 INFO: input - filters - nn_denoise - morph - IOU = 0.7204972929617004
2021-09-23 15:33:08,822 INFO: input - filters - nn_denoise - morph - IOU = 0.6881770563051375
2021-09-23 15:33:48,048 INFO: input - filters - nn_denoise - morph - IOU = 0.7204972929617004
2021-09-23 15:34:22,492 INFO: input - filters - nn_denoise - morph - IOU = 0.7206909828898711
2021-09-23 15:34:51,209 INFO: input - filters - nn_denoise - morph - IOU = 0.6881056054229812
2021-09-23 15:35:48,153 INFO: input - filters - nn_denoise - morph - IOU = 0.7204972929617004
2021-09-23 15:36:14,081 INFO: input - filters - nn_denoise - morph - IOU = 0.7197123156345141
2021-09-23 15:36:28,233 INFO: input - filters - nn_denoise - morph - IOU = 0.7204166098513712
2021-09-23 15:36:41,126 INFO: input - filters - nn_denoise - morph - IOU = 0.7205614597954683
2021-09-23 15:36:56,666 INFO: input - filters - nn_denoise - morph - IOU = 0.7440762625319383
2021-09-23 15:37:12,521 INFO: input - filters - nn_denoise - morph - IOU = 0.7625292611270836
2021-09-23 15:37:31,156 INFO: input - filters - nn_denoise - morph - IOU = 0.7631799097446693
2021-09-23 15:37:54,231 INFO: input - filters - nn_denoise - morph - IOU = 0.7773377252470451
2021-09-23 15:38:45,472 INFO: input - filters - nn_denoise - morph - IOU = 0.7628805067120439
2021-09-23 15:39:16,970 INFO: input - filters - nn_denoise - morph - IOU = 0.7771610847767696
2021-09-23 15:39:46,322 INFO: input - filters - nn_denoise - morph - IOU = 0.7630301884414193
2021-09-23 15:41:30,271 INFO: input - filters - nn_denoise - morph - IOU = 0.7630304868680741
2021-09-23 15:42:35,011 INFO: input - filters - nn_denoise - morph - IOU = 0.687875802285932
2021-09-23 15:43:06,409 INFO: input - filters - nn_denoise - morph - IOU = 0.6467363862935899
2021-09-23 15:43:39,242 INFO: input - filters - nn_denoise - morph - IOU = 0.6743189668787282
2021-09-23 15:44:16,116 INFO: input - filters - nn_denoise - morph - IOU = 0.3814627899481052
2021-09-23 15:44:38,086 INFO: input - filters - nn_denoise - morph - IOU = 0.34407038779482574
2021-09-23 15:45:03,992 INFO: input - filters - nn_denoise - morph - IOU = 0.5589799211661067
2021-09-23 15:45:58,872 INFO: input - filters - nn_denoise - morph - IOU = 0.6024310137532624
2021-09-23 15:46:28,810 INFO: input - filters - nn_denoise - morph - IOU = 0.34489905898934625
2021-09-23 15:47:54,217 INFO: input - filters - nn_denoise - morph - IOU = 0.21881796639146478
2021-09-23 15:48:31,822 INFO: input - filters - nn_denoise - morph - IOU = 0.7773377252470451
2021-09-23 15:52:43,922 INFO: input - filters - nn_denoise - morph - IOU = 0.7204972929617004
2021-09-23 15:54:47,917 INFO: input - filters - nn_denoise - morph - IOU = 0.7203853434722624
2021-09-23 15:55:32,994 INFO: input - filters - nn_denoise - morph - IOU = 0.6877606082904096
2021-09-23 15:57:02,360 INFO: input - filters - nn_denoise - morph - IOU = 0.5589799211661067
